\BOOKMARK [0][-]{chapter.1}{Introduction}{}% 1
\BOOKMARK [1][-]{section.1.1}{Project Motivation}{chapter.1}% 2
\BOOKMARK [1][-]{section.1.2}{Aims}{chapter.1}% 3
\BOOKMARK [1][-]{section.1.3}{Related Work}{chapter.1}% 4
\BOOKMARK [2][-]{subsection.1.3.1}{Sentiment Analysis}{section.1.3}% 5
\BOOKMARK [2][-]{subsection.1.3.2}{Measuring Happiness}{section.1.3}% 6
\BOOKMARK [2][-]{subsection.1.3.3}{Crowdsourcing}{section.1.3}% 7
\BOOKMARK [2][-]{subsection.1.3.4}{Pattern Recognition and Machine Learning}{section.1.3}% 8
\BOOKMARK [2][-]{subsection.1.3.5}{Natural Language Processing}{section.1.3}% 9
\BOOKMARK [1][-]{section.1.4}{Glossary of Terms}{chapter.1}% 10
\BOOKMARK [0][-]{chapter.2}{Preparation}{}% 11
\BOOKMARK [1][-]{section.2.1}{Research}{chapter.2}% 12
\BOOKMARK [1][-]{section.2.2}{Language Choice}{chapter.2}% 13
\BOOKMARK [1][-]{section.2.3}{Planning}{chapter.2}% 14
\BOOKMARK [1][-]{section.2.4}{Project Management}{chapter.2}% 15
\BOOKMARK [1][-]{section.2.5}{Tools Used}{chapter.2}% 16
\BOOKMARK [1][-]{section.2.6}{Data Sources}{chapter.2}% 17
\BOOKMARK [1][-]{section.2.7}{Algorithms}{chapter.2}% 18
\BOOKMARK [2][-]{subsection.2.7.1}{Feature Selection}{section.2.7}% 19
\BOOKMARK [2][-]{subsection.2.7.2}{Na\357ve Bayes}{section.2.7}% 20
\BOOKMARK [2][-]{subsection.2.7.3}{Maximum Entropy}{section.2.7}% 21
\BOOKMARK [2][-]{subsection.2.7.4}{Support Vector Machines}{section.2.7}% 22
\BOOKMARK [1][-]{section.2.8}{Available Tools}{chapter.2}% 23
\BOOKMARK [2][-]{subsection.2.8.1}{Na\357ve Bayes}{section.2.8}% 24
\BOOKMARK [2][-]{subsection.2.8.2}{Maximum Entropy}{section.2.8}% 25
\BOOKMARK [2][-]{subsection.2.8.3}{Support Vector Machines}{section.2.8}% 26
\BOOKMARK [1][-]{section.2.9}{Verification}{chapter.2}% 27
\BOOKMARK [1][-]{section.2.10}{Summary}{chapter.2}% 28
\BOOKMARK [0][-]{chapter.3}{Implementation}{}% 29
\BOOKMARK [1][-]{section.3.1}{Overview}{chapter.3}% 30
\BOOKMARK [1][-]{section.3.2}{Infrastructure}{chapter.3}% 31
\BOOKMARK [2][-]{subsection.3.2.1}{External Dependencies}{section.3.2}% 32
\BOOKMARK [2][-]{subsection.3.2.2}{Storage}{section.3.2}% 33
\BOOKMARK [1][-]{section.3.3}{Twitter Crawler}{chapter.3}% 34
\BOOKMARK [2][-]{subsection.3.3.1}{Limitations}{section.3.3}% 35
\BOOKMARK [1][-]{section.3.4}{Feature Reduction}{chapter.3}% 36
\BOOKMARK [1][-]{section.3.5}{Testing and Evaluation}{chapter.3}% 37
\BOOKMARK [1][-]{section.3.6}{Classifiers}{chapter.3}% 38
\BOOKMARK [2][-]{subsection.3.6.1}{Baseline}{section.3.6}% 39
\BOOKMARK [2][-]{subsection.3.6.2}{Na\357ve Bayes}{section.3.6}% 40
\BOOKMARK [2][-]{subsection.3.6.3}{Maximum Entropy}{section.3.6}% 41
\BOOKMARK [2][-]{subsection.3.6.4}{Support Vector Machines}{section.3.6}% 42
\BOOKMARK [1][-]{section.3.7}{Verification}{chapter.3}% 43
\BOOKMARK [2][-]{subsection.3.7.1}{Results}{section.3.7}% 44
\BOOKMARK [1][-]{section.3.8}{Summary}{chapter.3}% 45
\BOOKMARK [0][-]{chapter.4}{Evaluation}{}% 46
\BOOKMARK [1][-]{section.4.1}{Experimental Setup}{chapter.4}% 47
\BOOKMARK [2][-]{subsection.4.1.1}{Data Gathering}{section.4.1}% 48
\BOOKMARK [2][-]{subsection.4.1.2}{Ground Truth}{section.4.1}% 49
\BOOKMARK [2][-]{subsection.4.1.3}{Data Cleaning}{section.4.1}% 50
\BOOKMARK [2][-]{subsection.4.1.4}{Data Sets}{section.4.1}% 51
\BOOKMARK [1][-]{section.4.2}{Execution}{chapter.4}% 52
\BOOKMARK [2][-]{subsection.4.2.1}{Validation}{section.4.2}% 53
\BOOKMARK [2][-]{subsection.4.2.2}{Metrics}{section.4.2}% 54
\BOOKMARK [1][-]{section.4.3}{Results}{chapter.4}% 55
\BOOKMARK [2][-]{subsection.4.3.1}{English}{section.4.3}% 56
\BOOKMARK [2][-]{subsection.4.3.2}{Spanish}{section.4.3}% 57
\BOOKMARK [2][-]{subsection.4.3.3}{German}{section.4.3}% 58
\BOOKMARK [2][-]{subsection.4.3.4}{Italian}{section.4.3}% 59
\BOOKMARK [2][-]{subsection.4.3.5}{Polish}{section.4.3}% 60
\BOOKMARK [1][-]{section.4.4}{Discussion}{chapter.4}% 61
\BOOKMARK [1][-]{section.4.5}{Summary}{chapter.4}% 62
\BOOKMARK [0][-]{chapter.5}{Conclusion}{}% 63
\BOOKMARK [1][-]{section.5.1}{Success}{chapter.5}% 64
\BOOKMARK [1][-]{section.5.2}{Challenges}{chapter.5}% 65
\BOOKMARK [1][-]{section.5.3}{Scope for Further Research}{chapter.5}% 66
\BOOKMARK [0][-]{section.5.3}{References}{}% 67
\BOOKMARK [0][-]{appendix.A}{Project Proposal}{}% 68
\BOOKMARK [1][-]{section.A.1}{Introduction}{appendix.A}% 69
\BOOKMARK [1][-]{section.A.2}{Starting Point}{appendix.A}% 70
\BOOKMARK [1][-]{section.A.3}{Substance and Structure of the Project}{appendix.A}% 71
\BOOKMARK [1][-]{section.A.4}{Success Criteria}{appendix.A}% 72
\BOOKMARK [1][-]{section.A.5}{Plan of Work}{appendix.A}% 73
